This is pdfTeX, Version 3.141592653-2.6-1.40.23 (TeX Live 2021/W32TeX) (preloaded format=pdflatex 2021.9.18)  18 OCT 2021 09:56
entering extended mode
 restricted \write18 enabled.
 %&-line parsing enabled.
**Fig_anchzcn2109.tex
(./Fig_anchzcn2109.tex
LaTeX2e <2021-06-01> patch level 1
L3 programming layer <2021-08-27> (c:/Users/Doris/AppData/Roaming/TinyTeX/texmf
-dist/tex/latex/base/article.cls
Document Class: article 2021/02/12 v1.4n Standard LaTeX document class
(c:/Users/Doris/AppData/Roaming/TinyTeX/texmf-dist/tex/latex/base/size10.clo
File: size10.clo 2021/02/12 v1.4n Standard LaTeX file (size option)
)
\c@part=\count182
\c@section=\count183
\c@subsection=\count184
\c@subsubsection=\count185
\c@paragraph=\count186
\c@subparagraph=\count187
\c@figure=\count188
\c@table=\count189
\abovecaptionskip=\skip47
\belowcaptionskip=\skip48
\bibindent=\dimen138
)
(c:/Users/Doris/AppData/Roaming/TinyTeX/texmf-dist/tex/latex/amsmath/amsmath.st
y
Package: amsmath 2021/04/20 v2.17j AMS math features
\@mathmargin=\skip49
For additional information on amsmath, use the `?' option.

(c:/Users/Doris/AppData/Roaming/TinyTeX/texmf-dist/tex/latex/amsmath/amstext.st
y
Package: amstext 2000/06/29 v2.01 AMS text

(c:/Users/Doris/AppData/Roaming/TinyTeX/texmf-dist/tex/latex/amsmath/amsgen.sty
File: amsgen.sty 1999/11/30 v2.0 generic functions
\@emptytoks=\toks16
\ex@=\dimen139
))
(c:/Users/Doris/AppData/Roaming/TinyTeX/texmf-dist/tex/latex/amsmath/amsbsy.sty
Package: amsbsy 1999/11/29 v1.2d Bold Symbols
\pmbraise@=\dimen140
)
(c:/Users/Doris/AppData/Roaming/TinyTeX/texmf-dist/tex/latex/amsmath/amsopn.sty
Package: amsopn 2016/03/08 v2.02 operator names
)
\inf@bad=\count190
LaTeX Info: Redefining \frac on input line 234.
\uproot@=\count191
\leftroot@=\count192
LaTeX Info: Redefining \overline on input line 399.
\classnum@=\count193
\DOTSCASE@=\count194
LaTeX Info: Redefining \ldots on input line 496.
LaTeX Info: Redefining \dots on input line 499.
LaTeX Info: Redefining \cdots on input line 620.
\Mathstrutbox@=\box50
\strutbox@=\box51
\big@size=\dimen141
LaTeX Font Info:    Redeclaring font encoding OML on input line 743.
LaTeX Font Info:    Redeclaring font encoding OMS on input line 744.
\macc@depth=\count195
\c@MaxMatrixCols=\count196
\dotsspace@=\muskip16
\c@parentequation=\count197
\dspbrk@lvl=\count198
\tag@help=\toks17
\row@=\count199
\column@=\count266
\maxfields@=\count267
\andhelp@=\toks18
\eqnshift@=\dimen142
\alignsep@=\dimen143
\tagshift@=\dimen144
\tagwidth@=\dimen145
\totwidth@=\dimen146
\lineht@=\dimen147
\@envbody=\toks19
\multlinegap=\skip50
\multlinetaggap=\skip51
\mathdisplay@stack=\toks20
LaTeX Info: Redefining \[ on input line 2923.
LaTeX Info: Redefining \] on input line 2924.
)
(c:/Users/Doris/AppData/Roaming/TinyTeX/texmf-dist/tex/latex/amsfonts/amssymb.s
ty
Package: amssymb 2013/01/14 v3.01 AMS font symbols

(c:/Users/Doris/AppData/Roaming/TinyTeX/texmf-dist/tex/latex/amsfonts/amsfonts.
sty
Package: amsfonts 2013/01/14 v3.01 Basic AMSFonts support
\symAMSa=\mathgroup4
\symAMSb=\mathgroup5
LaTeX Font Info:    Redeclaring math symbol \hbar on input line 98.
LaTeX Font Info:    Overwriting math alphabet `\mathfrak' in version `bold'
(Font)                  U/euf/m/n --> U/euf/b/n on input line 106.
)) (c:/Users/Doris/AppData/Roaming/TinyTeX/texmf-dist/tex/latex/lm/lmodern.sty
Package: lmodern 2015/05/01 v1.6.1 Latin Modern Fonts
LaTeX Font Info:    Overwriting symbol font `operators' in version `normal'
(Font)                  OT1/cmr/m/n --> OT1/lmr/m/n on input line 22.
LaTeX Font Info:    Overwriting symbol font `letters' in version `normal'
(Font)                  OML/cmm/m/it --> OML/lmm/m/it on input line 23.
LaTeX Font Info:    Overwriting symbol font `symbols' in version `normal'
(Font)                  OMS/cmsy/m/n --> OMS/lmsy/m/n on input line 24.
LaTeX Font Info:    Overwriting symbol font `largesymbols' in version `normal'
(Font)                  OMX/cmex/m/n --> OMX/lmex/m/n on input line 25.
LaTeX Font Info:    Overwriting symbol font `operators' in version `bold'
(Font)                  OT1/cmr/bx/n --> OT1/lmr/bx/n on input line 26.
LaTeX Font Info:    Overwriting symbol font `letters' in version `bold'
(Font)                  OML/cmm/b/it --> OML/lmm/b/it on input line 27.
LaTeX Font Info:    Overwriting symbol font `symbols' in version `bold'
(Font)                  OMS/cmsy/b/n --> OMS/lmsy/b/n on input line 28.
LaTeX Font Info:    Overwriting symbol font `largesymbols' in version `bold'
(Font)                  OMX/cmex/m/n --> OMX/lmex/m/n on input line 29.
LaTeX Font Info:    Overwriting math alphabet `\mathbf' in version `normal'
(Font)                  OT1/cmr/bx/n --> OT1/lmr/bx/n on input line 31.
LaTeX Font Info:    Overwriting math alphabet `\mathsf' in version `normal'
(Font)                  OT1/cmss/m/n --> OT1/lmss/m/n on input line 32.
LaTeX Font Info:    Overwriting math alphabet `\mathit' in version `normal'
(Font)                  OT1/cmr/m/it --> OT1/lmr/m/it on input line 33.
LaTeX Font Info:    Overwriting math alphabet `\mathtt' in version `normal'
(Font)                  OT1/cmtt/m/n --> OT1/lmtt/m/n on input line 34.
LaTeX Font Info:    Overwriting math alphabet `\mathbf' in version `bold'
(Font)                  OT1/cmr/bx/n --> OT1/lmr/bx/n on input line 35.
LaTeX Font Info:    Overwriting math alphabet `\mathsf' in version `bold'
(Font)                  OT1/cmss/bx/n --> OT1/lmss/bx/n on input line 36.
LaTeX Font Info:    Overwriting math alphabet `\mathit' in version `bold'
(Font)                  OT1/cmr/bx/it --> OT1/lmr/bx/it on input line 37.
LaTeX Font Info:    Overwriting math alphabet `\mathtt' in version `bold'
(Font)                  OT1/cmtt/m/n --> OT1/lmtt/m/n on input line 38.
)
(c:/Users/Doris/AppData/Roaming/TinyTeX/texmf-dist/tex/generic/iftex/ifxetex.st
y
Package: ifxetex 2019/10/25 v0.7 ifxetex legacy package. Use iftex instead.
(c:/Users/Doris/AppData/Roaming/TinyTeX/texmf-dist/tex/generic/iftex/iftex.sty
Package: iftex 2020/03/06 v1.0d TeX engine tests
))
(c:/Users/Doris/AppData/Roaming/TinyTeX/texmf-dist/tex/generic/iftex/ifluatex.s
ty
Package: ifluatex 2019/10/25 v1.5 ifluatex legacy package. Use iftex instead.
) (c:/Users/Doris/AppData/Roaming/TinyTeX/texmf-dist/tex/latex/base/fontenc.sty
Package: fontenc 2021/04/29 v2.0v Standard LaTeX package
LaTeX Font Info:    Trying to load font information for T1+lmr on input line 11
2.
(c:/Users/Doris/AppData/Roaming/TinyTeX/texmf-dist/tex/latex/lm/t1lmr.fd
File: t1lmr.fd 2015/05/01 v1.6.1 Font defs for Latin Modern
)) (c:/Users/Doris/AppData/Roaming/TinyTeX/texmf-dist/tex/latex/base/inputenc.s
ty
Package: inputenc 2021/02/14 v1.3d Input encoding file
\inpenc@prehook=\toks21
\inpenc@posthook=\toks22
) (c:/Users/Doris/AppData/Roaming/TinyTeX/texmf-dist/tex/latex/base/textcomp.st
y
Package: textcomp 2020/02/02 v2.0n Standard LaTeX package
)
(c:/Users/Doris/AppData/Roaming/TinyTeX/texmf-dist/tex/latex/parskip/parskip.st
y
Package: parskip 2021-03-14 v2.0h non-zero parskip adjustments

(c:/Users/Doris/AppData/Roaming/TinyTeX/texmf-dist/tex/latex/kvoptions/kvoption
s.sty
Package: kvoptions 2020-10-07 v3.14 Key value format for package options (HO)

(c:/Users/Doris/AppData/Roaming/TinyTeX/texmf-dist/tex/latex/graphics/keyval.st
y
Package: keyval 2014/10/28 v1.15 key=value parser (DPC)
\KV@toks@=\toks23
)
(c:/Users/Doris/AppData/Roaming/TinyTeX/texmf-dist/tex/generic/ltxcmds/ltxcmds.
sty
Package: ltxcmds 2020-05-10 v1.25 LaTeX kernel commands for general use (HO)
)
(c:/Users/Doris/AppData/Roaming/TinyTeX/texmf-dist/tex/generic/kvsetkeys/kvsetk
eys.sty
Package: kvsetkeys 2019/12/15 v1.18 Key value parser (HO)
))
(c:/Users/Doris/AppData/Roaming/TinyTeX/texmf-dist/tex/latex/etoolbox/etoolbox.
sty
Package: etoolbox 2020/10/05 v2.5k e-TeX tools for LaTeX (JAW)
\etb@tempcnta=\count268
)) (c:/Users/Doris/AppData/Roaming/TinyTeX/texmf-dist/tex/latex/xcolor/xcolor.s
ty
Package: xcolor 2016/05/11 v2.12 LaTeX color extensions (UK)

(c:/Users/Doris/AppData/Roaming/TinyTeX/texmf-dist/tex/latex/graphics-cfg/color
.cfg
File: color.cfg 2016/01/02 v1.6 sample color configuration
)
Package xcolor Info: Driver file: pdftex.def on input line 225.

(c:/Users/Doris/AppData/Roaming/TinyTeX/texmf-dist/tex/latex/graphics-def/pdfte
x.def
File: pdftex.def 2020/10/05 v1.2a Graphics/color driver for pdftex
)
Package xcolor Info: Model `cmy' substituted by `cmy0' on input line 1348.
Package xcolor Info: Model `hsb' substituted by `rgb' on input line 1352.
Package xcolor Info: Model `RGB' extended on input line 1364.
Package xcolor Info: Model `HTML' substituted by `rgb' on input line 1366.
Package xcolor Info: Model `Hsb' substituted by `hsb' on input line 1367.
Package xcolor Info: Model `tHsb' substituted by `hsb' on input line 1368.
Package xcolor Info: Model `HSB' substituted by `hsb' on input line 1369.
Package xcolor Info: Model `Gray' substituted by `gray' on input line 1370.
Package xcolor Info: Model `wave' substituted by `hsb' on input line 1371.
)
(c:/Users/Doris/AppData/Roaming/TinyTeX/texmf-dist/tex/latex/hyperref/hyperref.
sty
Package: hyperref 2021-06-07 v7.00m Hypertext links for LaTeX

(c:/Users/Doris/AppData/Roaming/TinyTeX/texmf-dist/tex/generic/pdftexcmds/pdfte
xcmds.sty
Package: pdftexcmds 2020-06-27 v0.33 Utility functions of pdfTeX for LuaTeX (HO
)

(c:/Users/Doris/AppData/Roaming/TinyTeX/texmf-dist/tex/generic/infwarerr/infwar
err.sty
Package: infwarerr 2019/12/03 v1.5 Providing info/warning/error messages (HO)
)
Package pdftexcmds Info: \pdf@primitive is available.
Package pdftexcmds Info: \pdf@ifprimitive is available.
Package pdftexcmds Info: \pdfdraftmode found.
)
(c:/Users/Doris/AppData/Roaming/TinyTeX/texmf-dist/tex/generic/kvdefinekeys/kvd
efinekeys.sty
Package: kvdefinekeys 2019-12-19 v1.6 Define keys (HO)
)
(c:/Users/Doris/AppData/Roaming/TinyTeX/texmf-dist/tex/generic/pdfescape/pdfesc
ape.sty
Package: pdfescape 2019/12/09 v1.15 Implements pdfTeX's escape features (HO)
)
(c:/Users/Doris/AppData/Roaming/TinyTeX/texmf-dist/tex/latex/hycolor/hycolor.st
y
Package: hycolor 2020-01-27 v1.10 Color options for hyperref/bookmark (HO)
)
(c:/Users/Doris/AppData/Roaming/TinyTeX/texmf-dist/tex/latex/letltxmacro/letltx
macro.sty
Package: letltxmacro 2019/12/03 v1.6 Let assignment for LaTeX macros (HO)
)
(c:/Users/Doris/AppData/Roaming/TinyTeX/texmf-dist/tex/latex/auxhook/auxhook.st
y
Package: auxhook 2019-12-17 v1.6 Hooks for auxiliary files (HO)
)
\@linkdim=\dimen148
\Hy@linkcounter=\count269
\Hy@pagecounter=\count270

(c:/Users/Doris/AppData/Roaming/TinyTeX/texmf-dist/tex/latex/hyperref/pd1enc.de
f
File: pd1enc.def 2021-06-07 v7.00m Hyperref: PDFDocEncoding definition (HO)
Now handling font encoding PD1 ...
... no UTF-8 mapping file for font encoding PD1
)
(c:/Users/Doris/AppData/Roaming/TinyTeX/texmf-dist/tex/latex/hyperref/hyperref-
langpatches.def
File: hyperref-langpatches.def 2021-06-07 v7.00m Hyperref: patches for babel la
nguages
)
(c:/Users/Doris/AppData/Roaming/TinyTeX/texmf-dist/tex/generic/intcalc/intcalc.
sty
Package: intcalc 2019/12/15 v1.3 Expandable calculations with integers (HO)
)
(c:/Users/Doris/AppData/Roaming/TinyTeX/texmf-dist/tex/generic/etexcmds/etexcmd
s.sty
Package: etexcmds 2019/12/15 v1.7 Avoid name clashes with e-TeX commands (HO)
)
\Hy@SavedSpaceFactor=\count271

(c:/Users/Doris/AppData/Roaming/TinyTeX/texmf-dist/tex/latex/hyperref/puenc.def
File: puenc.def 2021-06-07 v7.00m Hyperref: PDF Unicode definition (HO)
Now handling font encoding PU ...
... no UTF-8 mapping file for font encoding PU
)
Package hyperref Info: Option `unicode' set `true' on input line 4073.
Package hyperref Info: Hyper figures OFF on input line 4192.
Package hyperref Info: Link nesting OFF on input line 4197.
Package hyperref Info: Hyper index ON on input line 4200.
Package hyperref Info: Plain pages OFF on input line 4207.
Package hyperref Info: Backreferencing OFF on input line 4212.
Package hyperref Info: Implicit mode ON; LaTeX internals redefined.
Package hyperref Info: Bookmarks ON on input line 4445.
\c@Hy@tempcnt=\count272
(c:/Users/Doris/AppData/Roaming/TinyTeX/texmf-dist/tex/latex/url/url.sty
\Urlmuskip=\muskip17
Package: url 2013/09/16  ver 3.4  Verb mode for urls, etc.
)
LaTeX Info: Redefining \url on input line 4804.
\XeTeXLinkMargin=\dimen149

(c:/Users/Doris/AppData/Roaming/TinyTeX/texmf-dist/tex/generic/bitset/bitset.st
y
Package: bitset 2019/12/09 v1.3 Handle bit-vector datatype (HO)

(c:/Users/Doris/AppData/Roaming/TinyTeX/texmf-dist/tex/generic/bigintcalc/bigin
tcalc.sty
Package: bigintcalc 2019/12/15 v1.5 Expandable calculations on big integers (HO
)
))
\Fld@menulength=\count273
\Field@Width=\dimen150
\Fld@charsize=\dimen151
Package hyperref Info: Hyper figures OFF on input line 6076.
Package hyperref Info: Link nesting OFF on input line 6081.
Package hyperref Info: Hyper index ON on input line 6084.
Package hyperref Info: backreferencing OFF on input line 6091.
Package hyperref Info: Link coloring OFF on input line 6096.
Package hyperref Info: Link coloring with OCG OFF on input line 6101.
Package hyperref Info: PDF/A mode OFF on input line 6106.
LaTeX Info: Redefining \ref on input line 6146.
LaTeX Info: Redefining \pageref on input line 6150.

(c:/Users/Doris/AppData/Roaming/TinyTeX/texmf-dist/tex/latex/base/atbegshi-ltx.
sty
Package: atbegshi-ltx 2021/01/10 v1.0c Emulation of the original atbegshi
package with kernel methods
)
\Hy@abspage=\count274
\c@Item=\count275
\c@Hfootnote=\count276
)
Package hyperref Info: Driver (autodetected): hpdftex.

(c:/Users/Doris/AppData/Roaming/TinyTeX/texmf-dist/tex/latex/hyperref/hpdftex.d
ef
File: hpdftex.def 2021-06-07 v7.00m Hyperref driver for pdfTeX

(c:/Users/Doris/AppData/Roaming/TinyTeX/texmf-dist/tex/latex/base/atveryend-ltx
.sty
Package: atveryend-ltx 2020/08/19 v1.0a Emulation of the original atvery packag
e
with kernel methods
)
\Fld@listcount=\count277
\c@bookmark@seq@number=\count278

(c:/Users/Doris/AppData/Roaming/TinyTeX/texmf-dist/tex/latex/rerunfilecheck/rer
unfilecheck.sty
Package: rerunfilecheck 2019/12/05 v1.9 Rerun checks for auxiliary files (HO)

(c:/Users/Doris/AppData/Roaming/TinyTeX/texmf-dist/tex/generic/uniquecounter/un
iquecounter.sty
Package: uniquecounter 2019/12/15 v1.4 Provide unlimited unique counter (HO)
)
Package uniquecounter Info: New unique counter `rerunfilecheck' on input line 2
86.
)
\Hy@SectionHShift=\skip52
)
(c:/Users/Doris/AppData/Roaming/TinyTeX/texmf-dist/tex/latex/geometry/geometry.
sty
Package: geometry 2020/01/02 v5.9 Page Geometry

(c:/Users/Doris/AppData/Roaming/TinyTeX/texmf-dist/tex/generic/iftex/ifvtex.sty
Package: ifvtex 2019/10/25 v1.7 ifvtex legacy package. Use iftex instead.
)
\Gm@cnth=\count279
\Gm@cntv=\count280
\c@Gm@tempcnt=\count281
\Gm@bindingoffset=\dimen152
\Gm@wd@mp=\dimen153
\Gm@odd@mp=\dimen154
\Gm@even@mp=\dimen155
\Gm@layoutwidth=\dimen156
\Gm@layoutheight=\dimen157
\Gm@layouthoffset=\dimen158
\Gm@layoutvoffset=\dimen159
\Gm@dimlist=\toks24
)
(c:/Users/Doris/AppData/Roaming/TinyTeX/texmf-dist/tex/latex/fancyvrb/fancyvrb.
sty
Package: fancyvrb 2021/08/12 v3.8 verbatim text (tvz,hv)
\FV@CodeLineNo=\count282
\FV@InFile=\read2
\FV@TabBox=\box52
\c@FancyVerbLine=\count283
\FV@StepNumber=\count284
\FV@OutFile=\write3
) (c:/Users/Doris/AppData/Roaming/TinyTeX/texmf-dist/tex/latex/framed/framed.st
y
Package: framed 2011/10/22 v 0.96: framed or shaded text with page breaks
\OuterFrameSep=\skip53
\fb@frw=\dimen160
\fb@frh=\dimen161
\FrameRule=\dimen162
\FrameSep=\dimen163
)
(c:/Users/Doris/AppData/Roaming/TinyTeX/texmf-dist/tex/latex/tools/longtable.st
y
Package: longtable 2021-05-07 v4.16 Multi-page Table package (DPC)
\LTleft=\skip54
\LTright=\skip55
\LTpre=\skip56
\LTpost=\skip57
\LTchunksize=\count285
\LTcapwidth=\dimen164
\LT@head=\box53
\LT@firsthead=\box54
\LT@foot=\box55
\LT@lastfoot=\box56
\LT@gbox=\box57
\LT@cols=\count286
\LT@rows=\count287
\c@LT@tables=\count288
\c@LT@chunks=\count289
\LT@p@ftn=\toks25
)
(c:/Users/Doris/AppData/Roaming/TinyTeX/texmf-dist/tex/latex/booktabs/booktabs.
sty
Package: booktabs 2020/01/12 v1.61803398 Publication quality tables
\heavyrulewidth=\dimen165
\lightrulewidth=\dimen166
\cmidrulewidth=\dimen167
\belowrulesep=\dimen168
\belowbottomsep=\dimen169
\aboverulesep=\dimen170
\abovetopsep=\dimen171
\cmidrulesep=\dimen172
\cmidrulekern=\dimen173
\defaultaddspace=\dimen174
\@cmidla=\count290
\@cmidlb=\count291
\@aboverulesep=\dimen175
\@belowrulesep=\dimen176
\@thisruleclass=\count292
\@lastruleclass=\count293
\@thisrulewidth=\dimen177
) (c:/Users/Doris/AppData/Roaming/TinyTeX/texmf-dist/tex/latex/tools/array.sty
Package: array 2021/04/20 v2.5e Tabular extension package (FMi)
\col@sep=\dimen178
\ar@mcellbox=\box58
\extrarowheight=\dimen179
\NC@list=\toks26
\extratabsurround=\skip58
\backup@length=\skip59
\ar@cellbox=\box59
) (c:/Users/Doris/AppData/Roaming/TinyTeX/texmf-dist/tex/latex/tools/calc.sty
Package: calc 2017/05/25 v4.3 Infix arithmetic (KKT,FJ)
\calc@Acount=\count294
\calc@Bcount=\count295
\calc@Adimen=\dimen180
\calc@Bdimen=\dimen181
\calc@Askip=\skip60
\calc@Bskip=\skip61
LaTeX Info: Redefining \setlength on input line 80.
LaTeX Info: Redefining \addtolength on input line 81.
\calc@Ccount=\count296
\calc@Cskip=\skip62
)
(c:/Users/Doris/AppData/Roaming/TinyTeX/texmf-dist/tex/latex/mdwtools/footnote.
sty
Package: footnote 1997/01/28 1.13 Save footnotes around boxes
\fn@notes=\box60
\fn@width=\dimen182
)
(c:/Users/Doris/AppData/Roaming/TinyTeX/texmf-dist/tex/latex/graphics/graphicx.
sty
Package: graphicx 2020/12/05 v1.2c Enhanced LaTeX Graphics (DPC,SPQR)

(c:/Users/Doris/AppData/Roaming/TinyTeX/texmf-dist/tex/latex/graphics/graphics.
sty
Package: graphics 2021/03/04 v1.4d Standard LaTeX Graphics (DPC,SPQR)
(c:/Users/Doris/AppData/Roaming/TinyTeX/texmf-dist/tex/latex/graphics/trig.sty
Package: trig 2016/01/03 v1.10 sin cos tan (DPC)
)
(c:/Users/Doris/AppData/Roaming/TinyTeX/texmf-dist/tex/latex/graphics-cfg/graph
ics.cfg
File: graphics.cfg 2016/06/04 v1.11 sample graphics configuration
)
Package graphics Info: Driver file: pdftex.def on input line 107.
)
\Gin@req@height=\dimen183
\Gin@req@width=\dimen184
) (c:/Users/Doris/AppData/Roaming/TinyTeX/texmf-dist/tex/generic/babel/babel.st
y
Package: babel 2021/07/22 3.63 The Babel package
(c:/Users/Doris/AppData/Roaming/TinyTeX/texmf-dist/tex/generic/babel/babel.def
File: babel.def 2021/07/22 3.63 Babel common definitions
\babel@savecnt=\count297
\U@D=\dimen185
\l@unhyphenated=\language4

(c:/Users/Doris/AppData/Roaming/TinyTeX/texmf-dist/tex/generic/babel/txtbabel.d
ef)
\bbl@readstream=\read3
)
\bbl@dirlevel=\count298

(c:/Users/Doris/AppData/Roaming/TinyTeX/texmf-dist/tex/generic/babel-spanish/sp
anish.ldf
Language: spanish.ldf 2021/05/27 v5.0q Spanish support from the babel system
\es@quottoks=\toks27
\es@quotdepth=\count299
Package babel Info: Making " an active character on input line 570.
Package babel Info: Making . an active character on input line 675.
Package babel Info: Making < an active character on input line 722.
Package babel Info: Making > an active character on input line 722.
)
(c:/Users/Doris/AppData/Roaming/TinyTeX/texmf-dist/tex/generic/babel-spanish/sp
anish.ldf
Language: spanish.ldf 2021/05/27 v5.0q Spanish support from the babel system
))
(c:/Users/Doris/AppData/Roaming/TinyTeX/texmf-dist/tex/latex/l3backend/l3backen
d-pdftex.def
File: l3backend-pdftex.def 2021-08-04 L3 backend support: PDF output (pdfTeX)
\l__color_backend_stack_int=\count300
\l__pdf_internal_box=\box61
) (./Fig_anchzcn2109.aux
LaTeX Info: Redefining \. on input line 32.
LaTeX Info: Redefining \% on input line 32.
)
\openout1 = `Fig_anchzcn2109.aux'.

LaTeX Font Info:    Checking defaults for OML/cmm/m/it on input line 131.
LaTeX Font Info:    ... okay on input line 131.
LaTeX Font Info:    Checking defaults for OMS/cmsy/m/n on input line 131.
LaTeX Font Info:    ... okay on input line 131.
LaTeX Font Info:    Checking defaults for OT1/cmr/m/n on input line 131.
LaTeX Font Info:    ... okay on input line 131.
LaTeX Font Info:    Checking defaults for T1/cmr/m/n on input line 131.
LaTeX Font Info:    ... okay on input line 131.
LaTeX Font Info:    Checking defaults for TS1/cmr/m/n on input line 131.
LaTeX Font Info:    ... okay on input line 131.
LaTeX Font Info:    Checking defaults for OMX/cmex/m/n on input line 131.
LaTeX Font Info:    ... okay on input line 131.
LaTeX Font Info:    Checking defaults for U/cmr/m/n on input line 131.
LaTeX Font Info:    ... okay on input line 131.
LaTeX Font Info:    Checking defaults for PD1/pdf/m/n on input line 131.
LaTeX Font Info:    ... okay on input line 131.
LaTeX Font Info:    Checking defaults for PU/pdf/m/n on input line 131.
LaTeX Font Info:    ... okay on input line 131.

(c:/Users/Doris/AppData/Roaming/TinyTeX/texmf-dist/tex/latex/epstopdf-pkg/epsto
pdf-base.sty
Package: epstopdf-base 2020-01-24 v2.11 Base part for package epstopdf
(c:/Users/Doris/AppData/Roaming/TinyTeX/texmf-dist/tex/latex/grfext/grfext.sty
Package: grfext 2019/12/03 v1.3 Manage graphics extensions (HO)
)
Package epstopdf-base Info: Redefining graphics rule for `.eps' on input line 4
85.
Package grfext Info: Graphics extension search list:
(grfext)             [.pdf,.png,.jpg,.mps,.jpeg,.jbig2,.jb2,.PDF,.PNG,.JPG,.JPE
G,.JBIG2,.JB2,.eps]
(grfext)             \AppendGraphicsExtensions on input line 504.

(c:/Users/Doris/AppData/Roaming/TinyTeX/texmf-dist/tex/latex/latexconfig/epstop
df-sys.cfg
File: epstopdf-sys.cfg 2010/07/13 v1.3 Configuration of (r)epstopdf for TeX Liv
e
))
Package hyperref Info: Link coloring OFF on input line 131.

(c:/Users/Doris/AppData/Roaming/TinyTeX/texmf-dist/tex/latex/hyperref/nameref.s
ty
Package: nameref 2021-04-02 v2.47 Cross-referencing by name of section

(c:/Users/Doris/AppData/Roaming/TinyTeX/texmf-dist/tex/latex/refcount/refcount.
sty
Package: refcount 2019/12/15 v3.6 Data extraction from label references (HO)
)
(c:/Users/Doris/AppData/Roaming/TinyTeX/texmf-dist/tex/generic/gettitlestring/g
ettitlestring.sty
Package: gettitlestring 2019/12/15 v1.6 Cleanup title references (HO)
)
\c@section@level=\count301
)
LaTeX Info: Redefining \ref on input line 131.
LaTeX Info: Redefining \pageref on input line 131.
LaTeX Info: Redefining \nameref on input line 131.
(./Fig_anchzcn2109.out) (./Fig_anchzcn2109.out)
\@outlinefile=\write4
\openout4 = `Fig_anchzcn2109.out'.

*geometry* driver: auto-detecting
*geometry* detected driver: pdftex
*geometry* verbose mode - [ preamble ] result:
* driver: pdftex
* paper: <default>
* layout: <same size as paper>
* layoutoffset:(h,v)=(0.0pt,0.0pt)
* modes: 
* h-part:(L,W,R)=(72.26999pt, 469.75502pt, 72.26999pt)
* v-part:(T,H,B)=(72.26999pt, 650.43001pt, 72.26999pt)
* \paperwidth=614.295pt
* \paperheight=794.96999pt
* \textwidth=469.75502pt
* \textheight=650.43001pt
* \oddsidemargin=0.0pt
* \evensidemargin=0.0pt
* \topmargin=-37.0pt
* \headheight=12.0pt
* \headsep=25.0pt
* \topskip=10.0pt
* \footskip=30.0pt
* \marginparwidth=65.0pt
* \marginparsep=11.0pt
* \columnsep=10.0pt
* \skip\footins=9.0pt plus 4.0pt minus 2.0pt
* \hoffset=0.0pt
* \voffset=0.0pt
* \mag=1000
* \@twocolumnfalse
* \@twosidefalse
* \@mparswitchfalse
* \@reversemarginfalse
* (1in=72.27pt=25.4mm, 1cm=28.453pt)

LaTeX Info: Redefining \. on input line 131.
LaTeX Info: Redefining \% on input line 131.
LaTeX Font Info:    Trying to load font information for OT1+lmr on input line 1
33.
(c:/Users/Doris/AppData/Roaming/TinyTeX/texmf-dist/tex/latex/lm/ot1lmr.fd
File: ot1lmr.fd 2015/05/01 v1.6.1 Font defs for Latin Modern
)
LaTeX Font Info:    Trying to load font information for OML+lmm on input line 1
33.
(c:/Users/Doris/AppData/Roaming/TinyTeX/texmf-dist/tex/latex/lm/omllmm.fd
File: omllmm.fd 2015/05/01 v1.6.1 Font defs for Latin Modern
)
LaTeX Font Info:    Trying to load font information for OMS+lmsy on input line 
133.
(c:/Users/Doris/AppData/Roaming/TinyTeX/texmf-dist/tex/latex/lm/omslmsy.fd
File: omslmsy.fd 2015/05/01 v1.6.1 Font defs for Latin Modern
)
LaTeX Font Info:    Trying to load font information for OMX+lmex on input line 
133.
(c:/Users/Doris/AppData/Roaming/TinyTeX/texmf-dist/tex/latex/lm/omxlmex.fd
File: omxlmex.fd 2015/05/01 v1.6.1 Font defs for Latin Modern
)
LaTeX Font Info:    External font `lmex10' loaded for size
(Font)              <12> on input line 133.
LaTeX Font Info:    External font `lmex10' loaded for size
(Font)              <8> on input line 133.
LaTeX Font Info:    External font `lmex10' loaded for size
(Font)              <6> on input line 133.
LaTeX Font Info:    Trying to load font information for U+msa on input line 133
.
(c:/Users/Doris/AppData/Roaming/TinyTeX/texmf-dist/tex/latex/amsfonts/umsa.fd
File: umsa.fd 2013/01/14 v3.01 AMS symbols A
)
LaTeX Font Info:    Trying to load font information for U+msb on input line 133
.
(c:/Users/Doris/AppData/Roaming/TinyTeX/texmf-dist/tex/latex/amsfonts/umsb.fd
File: umsb.fd 2013/01/14 v3.01 AMS symbols B
)
LaTeX Font Info:    External font `lmex10' loaded for size
(Font)              <10> on input line 196.
LaTeX Font Info:    External font `lmex10' loaded for size
(Font)              <7> on input line 196.
LaTeX Font Info:    External font `lmex10' loaded for size
(Font)              <5> on input line 196.
[1

{c:/Users/Doris/AppData/Roaming/TinyTeX/texmf-var/fonts/map/pdftex/updmap/pdfte
x.map}] [2]

Package hyperref Warning: Difference (2) between bookmark levels is greater 
(hyperref)                than one, level fixed on input line 285.

<Figurascv06/F0_Clave1-1.pdf, id=69, 433.62pt x 252.945pt>
File: Figurascv06/F0_Clave1-1.pdf Graphic file (type pdf)
<use Figurascv06/F0_Clave1-1.pdf>
Package pdftex.def Info: Figurascv06/F0_Clave1-1.pdf  used on input line 287.
(pdftex.def)             Requested size: 433.62555pt x 252.94823pt.
[3]
<Figurascv06/Desembarque-1.pdf, id=75, 433.62pt x 259.97125pt>
File: Figurascv06/Desembarque-1.pdf Graphic file (type pdf)
<use Figurascv06/Desembarque-1.pdf>
Package pdftex.def Info: Figurascv06/Desembarque-1.pdf  used on input line 289.

(pdftex.def)             Requested size: 281.8695pt x 168.99121pt.
LaTeX Font Info:    External font `lmex10' loaded for size
(Font)              <9> on input line 292.
<Figurascv06/cpue-1.pdf, id=76, 578.16pt x 317.185pt>
File: Figurascv06/cpue-1.pdf Graphic file (type pdf)
<use Figurascv06/cpue-1.pdf>
Package pdftex.def Info: Figurascv06/cpue-1.pdf  used on input line 295.
(pdftex.def)             Requested size: 300.63611pt x 164.9323pt.
[4 <./Figurascv06/F0_Clave1-1.pdf> <./Figurascv06/Desembarque-1.pdf>]
<Figuras/bacustico-1.pdf, id=96, 433.62pt x 259.97125pt>
File: Figuras/bacustico-1.pdf Graphic file (type pdf)
<use Figuras/bacustico-1.pdf>
Package pdftex.def Info: Figuras/bacustico-1.pdf  used on input line 302.
(pdftex.def)             Requested size: 281.8695pt x 168.99121pt.
<Figurascv06/bmph-1.pdf, id=97, 433.62pt x 259.97125pt>
File: Figurascv06/bmph-1.pdf Graphic file (type pdf)
<use Figurascv06/bmph-1.pdf>
Package pdftex.def Info: Figurascv06/bmph-1.pdf  used on input line 308.
(pdftex.def)             Requested size: 281.8695pt x 168.99121pt.
[5 <./Figurascv06/cpue-1.pdf> <./Figuras/bacustico-1.pdf> <./Figurascv06/bmph-1
.pdf>]
<Figurascv06/pf-1.pdf, id=117, 433.62pt x 433.62pt>
File: Figurascv06/pf-1.pdf Graphic file (type pdf)
<use Figurascv06/pf-1.pdf>
Package pdftex.def Info: Figurascv06/pf-1.pdf  used on input line 314.
(pdftex.def)             Requested size: 375.8238pt x 375.8238pt.
<Figurascv06/pcru-1.pdf, id=118, 406.51875pt x 406.51875pt>
File: Figurascv06/pcru-1.pdf Graphic file (type pdf)
<use Figurascv06/pcru-1.pdf>
Package pdftex.def Info: Figurascv06/pcru-1.pdf  used on input line 321.
(pdftex.def)             Requested size: 352.3286pt x 352.3286pt.
[6 <./Figurascv06/pf-1.pdf>]
<Figurascv06/ajuste1-1.pdf, id=128, 433.62pt x 216.81pt>
File: Figurascv06/ajuste1-1.pdf Graphic file (type pdf)
<use Figurascv06/ajuste1-1.pdf>
Package pdftex.def Info: Figurascv06/ajuste1-1.pdf  used on input line 328.
(pdftex.def)             Requested size: 375.8238pt x 187.9119pt.
[7 <./Figurascv06/pcru-1.pdf> <./Figurascv06/ajuste1-1.pdf>]
<Figurascv06/ajuste2-1.pdf, id=144, 433.62pt x 216.81pt>
File: Figurascv06/ajuste2-1.pdf Graphic file (type pdf)
<use Figurascv06/ajuste2-1.pdf>
Package pdftex.def Info: Figurascv06/ajuste2-1.pdf  used on input line 336.
(pdftex.def)             Requested size: 375.8238pt x 187.9119pt.
<Figurascv06/ajuste3-1.pdf, id=145, 433.62pt x 216.81pt>
File: Figurascv06/ajuste3-1.pdf Graphic file (type pdf)
<use Figurascv06/ajuste3-1.pdf>
Package pdftex.def Info: Figurascv06/ajuste3-1.pdf  used on input line 344.
(pdftex.def)             Requested size: 375.8238pt x 187.9119pt.
<Figurascv06/ajuste4-1.pdf, id=146, 433.62pt x 216.81pt>
File: Figurascv06/ajuste4-1.pdf Graphic file (type pdf)
<use Figurascv06/ajuste4-1.pdf>
Package pdftex.def Info: Figurascv06/ajuste4-1.pdf  used on input line 352.
(pdftex.def)             Requested size: 375.8238pt x 187.9119pt.
[8 <./Figurascv06/ajuste2-1.pdf> <./Figurascv06/ajuste3-1.pdf>]
<Figurascv06/ajuste5-1.pdf, id=162, 433.62pt x 216.81pt>
File: Figurascv06/ajuste5-1.pdf Graphic file (type pdf)
<use Figurascv06/ajuste5-1.pdf>
Package pdftex.def Info: Figurascv06/ajuste5-1.pdf  used on input line 360.
(pdftex.def)             Requested size: 375.8238pt x 187.9119pt.
<Figurascv06/res_1-1.pdf, id=163, 469.755pt x 375.4025pt>
File: Figurascv06/res_1-1.pdf Graphic file (type pdf)
<use Figurascv06/res_1-1.pdf>
Package pdftex.def Info: Figurascv06/res_1-1.pdf  used on input line 369.
(pdftex.def)             Requested size: 469.78253pt x 375.42448pt.
[9 <./Figurascv06/ajuste4-1.pdf> <./Figurascv06/ajuste5-1.pdf>]
<Figurascv06/aj_pf-1.pdf, id=178, 433.62pt x 389.455pt>
File: Figurascv06/aj_pf-1.pdf Graphic file (type pdf)
<use Figurascv06/aj_pf-1.pdf>
Package pdftex.def Info: Figurascv06/aj_pf-1.pdf  used on input line 377.
(pdftex.def)             Requested size: 375.8238pt x 337.54544pt.
[10 <./Figurascv06/res_1-1.pdf>]
<Figurascv06/res_pf-1.pdf, id=188, 325.215pt x 325.215pt>
File: Figurascv06/res_pf-1.pdf Graphic file (type pdf)
<use Figurascv06/res_pf-1.pdf>
Package pdftex.def Info: Figurascv06/res_pf-1.pdf  used on input line 383.
(pdftex.def)             Requested size: 281.87778pt x 281.87778pt.
[11 <./Figurascv06/aj_pf-1.pdf>]
<Figurascv06/aj_pc-1.pdf, id=198, 433.62pt x 389.455pt>
File: Figurascv06/aj_pc-1.pdf Graphic file (type pdf)
<use Figurascv06/aj_pc-1.pdf>
Package pdftex.def Info: Figurascv06/aj_pc-1.pdf  used on input line 392.
(pdftex.def)             Requested size: 328.84004pt x 295.34706pt.
[12 <./Figurascv06/res_pf-1.pdf> <./Figurascv06/aj_pc-1.pdf>]
<Figurascv06/res_pc-1.pdf, id=213, 325.215pt x 325.215pt>
File: Figurascv06/res_pc-1.pdf Graphic file (type pdf)
<use Figurascv06/res_pc-1.pdf>
Package pdftex.def Info: Figurascv06/res_pc-1.pdf  used on input line 398.
(pdftex.def)             Requested size: 281.87778pt x 281.87778pt.
LaTeX Font Info:    Trying to load font information for T1+lmtt on input line 4
14.
(c:/Users/Doris/AppData/Roaming/TinyTeX/texmf-dist/tex/latex/lm/t1lmtt.fd
File: t1lmtt.fd 2015/05/01 v1.6.1 Font defs for Latin Modern
)
<Figurascv06/FigRetro1-1.pdf, id=214, 505.89pt x 650.43pt>
File: Figurascv06/FigRetro1-1.pdf Graphic file (type pdf)
<use Figurascv06/FigRetro1-1.pdf>
Package pdftex.def Info: Figurascv06/FigRetro1-1.pdf  used on input line 419.
(pdftex.def)             Requested size: 469.76265pt x 603.98058pt.
[13 <./Figurascv06/res_pc-1.pdf>] [14 <./Figurascv06/FigRetro1-1.pdf>]
<Figurascv06/Fig1_Retro2_Sep-1.pdf, id=238, 433.62pt x 650.43pt>
File: Figurascv06/Fig1_Retro2_Sep-1.pdf Graphic file (type pdf)
<use Figurascv06/Fig1_Retro2_Sep-1.pdf>
Package pdftex.def Info: Figurascv06/Fig1_Retro2_Sep-1.pdf  used on input line 
435.
(pdftex.def)             Requested size: 433.63878pt x 650.45818pt.
[15] [16 <./Figurascv06/Fig1_Retro2_Sep-1.pdf>]
<Figurascv06/Fig2_Retro2_Sep-1.pdf, id=252, 433.62pt x 650.43pt>
File: Figurascv06/Fig2_Retro2_Sep-1.pdf Graphic file (type pdf)
<use Figurascv06/Fig2_Retro2_Sep-1.pdf>
Package pdftex.def Info: Figurascv06/Fig2_Retro2_Sep-1.pdf  used on input line 
448.
(pdftex.def)             Requested size: 433.63878pt x 650.45818pt.
[17] [18 <./Figurascv06/Fig2_Retro2_Sep-1.pdf>]
<Figurascv06/F18_VarEstsep-1.pdf, id=266, 578.16pt x 433.62pt>
File: Figurascv06/F18_VarEstsep-1.pdf Graphic file (type pdf)
<use Figurascv06/F18_VarEstsep-1.pdf>
Package pdftex.def Info: Figurascv06/F18_VarEstsep-1.pdf  used on input line 45
7.
(pdftex.def)             Requested size: 469.75385pt x 352.31538pt.
LaTeX Font Info:    Trying to load font information for TS1+lmtt on input line 
481.
(c:/Users/Doris/AppData/Roaming/TinyTeX/texmf-dist/tex/latex/lm/ts1lmtt.fd
File: ts1lmtt.fd 2015/05/01 v1.6.1 Font defs for Latin Modern
) [19 <./Figurascv06/F18_VarEstsep-1.pdf>]
<Figurascv06/Fig_sel-1.pdf, id=283, 252.945pt x 252.945pt>
File: Figurascv06/Fig_sel-1.pdf Graphic file (type pdf)
<use Figurascv06/Fig_sel-1.pdf>
Package pdftex.def Info: Figurascv06/Fig_sel-1.pdf  used on input line 489.
(pdftex.def)             Requested size: 252.94823pt x 252.94823pt.
[20 <./Figurascv06/Fig_sel-1.pdf>]
<Figurascv06/F20_indicadoresStock-1.pdf, id=294, 578.16pt x 469.755pt>
File: Figurascv06/F20_indicadoresStock-1.pdf Graphic file (type pdf)
<use Figurascv06/F20_indicadoresStock-1.pdf>
Package pdftex.def Info: Figurascv06/F20_indicadoresStock-1.pdf  used on input 
line 558.
(pdftex.def)             Requested size: 469.75385pt x 381.675pt.
[21] [22 <./Figurascv06/F20_indicadoresStock-1.pdf>] [23]

LaTeX Warning: Command \' invalid in math mode on input line 642.

[24] [25]
<Figuras/Fig21-1.pdf, id=341, 289.08pt x 289.08pt>
File: Figuras/Fig21-1.pdf Graphic file (type pdf)
<use Figuras/Fig21-1.pdf>
Package pdftex.def Info: Figuras/Fig21-1.pdf  used on input line 729.
(pdftex.def)             Requested size: 289.09251pt x 289.09251pt.
[26 <./Figuras/Fig21-1.pdf>]
<Figurascv06/F22_EsRecsep-1.pdf, id=354, 433.62pt x 271.0125pt>
File: Figurascv06/F22_EsRecsep-1.pdf Graphic file (type pdf)
<use Figurascv06/F22_EsRecsep-1.pdf>
Package pdftex.def Info: Figurascv06/F22_EsRecsep-1.pdf  used on input line 746
.
(pdftex.def)             Requested size: 328.84004pt x 205.52501pt.
[27 <./Figurascv06/F22_EsRecsep-1.pdf>] [28] (./Fig_anchzcn2109.aux
LaTeX Info: Redefining \. on input line 32.
LaTeX Info: Redefining \% on input line 32.
)
Package rerunfilecheck Info: File `Fig_anchzcn2109.out' has not changed.
(rerunfilecheck)             Checksum: BAC4561DBD5FED46AA2D63EFE8533362;1982.
 ) 
Here is how much of TeX's memory you used:
 12885 strings out of 480541
 195131 string characters out of 5900845
 542985 words of memory out of 5000000
 30195 multiletter control sequences out of 15000+600000
 466910 words of font info for 77 fonts, out of 8000000 for 9000
 14 hyphenation exceptions out of 8191
 60i,7n,66p,520b,452s stack positions out of 5000i,500n,10000p,200000b,80000s
{c:/Users/Doris/AppData/Roaming/TinyTeX/texmf-dist/fonts/enc/dvips/lm/lm-ec.e
nc}{c:/Users/Doris/AppData/Roaming/TinyTeX/texmf-dist/fonts/enc/dvips/lm/lm-mat
hsy.enc}{c:/Users/Doris/AppData/Roaming/TinyTeX/texmf-dist/fonts/enc/dvips/lm/l
m-rm.enc}{c:/Users/Doris/AppData/Roaming/TinyTeX/texmf-dist/fonts/enc/dvips/lm/
lm-mathit.enc}{c:/Users/Doris/AppData/Roaming/TinyTeX/texmf-dist/fonts/enc/dvip
s/lm/lm-ts1.enc}<c:/Users/Doris/AppData/Roaming/TinyTeX/texmf-dist/fonts/type1/
public/lm/lmbx10.pfb><c:/Users/Doris/AppData/Roaming/TinyTeX/texmf-dist/fonts/t
ype1/public/lm/lmbx12.pfb><c:/Users/Doris/AppData/Roaming/TinyTeX/texmf-dist/fo
nts/type1/public/lm/lmbx9.pfb><c:/Users/Doris/AppData/Roaming/TinyTeX/texmf-dis
t/fonts/type1/public/lm/lmmi10.pfb><c:/Users/Doris/AppData/Roaming/TinyTeX/texm
f-dist/fonts/type1/public/lm/lmmi5.pfb><c:/Users/Doris/AppData/Roaming/TinyTeX/
texmf-dist/fonts/type1/public/lm/lmmi6.pfb><c:/Users/Doris/AppData/Roaming/Tiny
TeX/texmf-dist/fonts/type1/public/lm/lmmi7.pfb><c:/Users/Doris/AppData/Roaming/
TinyTeX/texmf-dist/fonts/type1/public/lm/lmmi9.pfb><c:/Users/Doris/AppData/Roam
ing/TinyTeX/texmf-dist/fonts/type1/public/lm/lmr10.pfb><c:/Users/Doris/AppData/
Roaming/TinyTeX/texmf-dist/fonts/type1/public/lm/lmr17.pfb><c:/Users/Doris/AppD
ata/Roaming/TinyTeX/texmf-dist/fonts/type1/public/lm/lmr6.pfb><c:/Users/Doris/A
ppData/Roaming/TinyTeX/texmf-dist/fonts/type1/public/lm/lmr7.pfb><c:/Users/Dori
s/AppData/Roaming/TinyTeX/texmf-dist/fonts/type1/public/lm/lmr9.pfb><c:/Users/D
oris/AppData/Roaming/TinyTeX/texmf-dist/fonts/type1/public/lm/lmri9.pfb><c:/Use
rs/Doris/AppData/Roaming/TinyTeX/texmf-dist/fonts/type1/public/lm/lmsy10.pfb><c
:/Users/Doris/AppData/Roaming/TinyTeX/texmf-dist/fonts/type1/public/lm/lmtt10.p
fb><c:/Users/Doris/AppData/Roaming/TinyTeX/texmf-dist/fonts/type1/public/lm/lmt
ti10.pfb>
Output written on Fig_anchzcn2109.pdf (28 pages, 602538 bytes).
PDF statistics:
 471 PDF objects out of 1000 (max. 8388607)
 350 compressed objects within 4 object streams
 63 named destinations out of 1000 (max. 500000)
 222 words of extra memory for PDF output out of 10000 (max. 10000000)

